C51 COMPILER V9.60.0.0   LED                                                               01/26/2021 12:15:29 PAGE 1   


C51 COMPILER V9.60.0.0, COMPILATION OF MODULE LED
OBJECT MODULE PLACED IN ..\output\led.obj
COMPILER INVOKED BY: D:\app\keil\C51\BIN\C51.EXE ..\files\led.c LARGE OPTIMIZE(8,SPEED) BROWSE DEBUG OBJECTEXTEND PRINT(
                    -.\Listings\led.lst) TABS(2) OBJECT(..\output\led.obj)

line level    source

   1          #include "config.h"
   2          #include "main.h"
   3          
   4          void delayms(int z)
   5          {
   6   1        int x,y;
   7   1          for(x = z; x > 0; x --);
   8   1            for(y = 114; y > 0; y --);
   9   1      }
  10          
  11          
  12          void key_error() {
  13   1        unsigned long i;
  14   1        L1 = 0;
  15   1        L7 = 1;
  16   1        L8 = 1;
  17   1        for(i = 0; i < 20000; i++);
  18   1        L1 = 1;
  19   1      }


MODULE INFORMATION:   STATIC OVERLAYABLE
   CODE SIZE        =    111    ----
   CONSTANT SIZE    =   ----    ----
   XDATA SIZE       =   ----       4
   PDATA SIZE       =   ----    ----
   DATA SIZE        =   ----    ----
   IDATA SIZE       =   ----    ----
   BIT SIZE         =   ----    ----
END OF MODULE INFORMATION.


C51 COMPILATION COMPLETE.  0 WARNING(S),  0 ERROR(S)
